2025-08-18 19:12:25,040 - INFO - [31m[1mWARNING: This is a development server. Do not use it in a production deployment. Use a production WSGI server instead.[0m
 * Running on all addresses (0.0.0.0)
 * Running on http://127.0.0.1:5000
 * Running on http://10.91.26.11:5000
2025-08-18 19:12:25,040 - INFO - [33mPress CTRL+C to quit[0m
2025-08-18 19:12:38,794 - INFO - 127.0.0.1 - - [18/Aug/2025 19:12:38] "GET / HTTP/1.1" 200 -
2025-08-18 19:12:39,284 - INFO - 127.0.0.1 - - [18/Aug/2025 19:12:39] "[33mGET /favicon.ico HTTP/1.1[0m" 404 -
2025-08-18 19:13:44,635 - INFO - å¼€å§‹çˆ¬å–ç½‘ç«™: https://www.schdri.com/
2025-08-18 19:13:44,636 - INFO - å·²å¯ç”¨é¡µæ•°é™åˆ¶: æœ€å¤šçˆ¬å– 200 é¡µ
2025-08-18 19:13:46,022 - INFO - ç½‘ç«™æ ‡é¢˜: å››å·çœå…¬è·¯è§„åˆ’å‹˜å¯Ÿè®¾è®¡ç ”ç©¶é™¢æœ‰é™å…¬å¸
2025-08-18 19:13:46,022 - INFO - æ­£åœ¨çˆ¬å–ç¬¬ 1 é¡µ: https://www.schdri.com/
2025-08-18 19:13:46,444 - INFO - é¡µé¢ https://www.schdri.com/ æ‰¾åˆ° 2 ä¸ªæ–°æ‰‹æœºå·, 0 ä¸ªæ–°è”ç³»äºº
2025-08-18 19:13:47,452 - INFO - æ­£åœ¨çˆ¬å–ç¬¬ 2 é¡µ: https://www.schdri.com/go.htm?k=gong_si_jian_jie&url=gong_si_gai_kuang/gong_si_jian_jie
2025-08-18 19:13:48,963 - INFO - æ­£åœ¨çˆ¬å–ç¬¬ 3 é¡µ: https://www.schdri.com/go.htm?k=gui_hua_zi_xun&url=xjjyw#main-box
2025-08-18 19:13:50,310 - INFO - æ­£åœ¨çˆ¬å–ç¬¬ 4 é¡µ: https://www.schdri.com/go.htm?k=qi_ye_xin_wen&url=xgly/xwzx
2025-08-18 19:13:51,675 - INFO - æ­£åœ¨çˆ¬å–ç¬¬ 5 é¡µ: https://www.schdri.com/go.htm?k=guo_jia_ke_ji_jin_bu_jiang&url=cheng_guo_zhan_shi/zdgc_list
2025-08-18 19:13:52,959 - INFO - æ­£åœ¨çˆ¬å–ç¬¬ 6 é¡µ: https://www.schdri.com/go.htm?k=zhong_dian_gong_cheng&url=cheng_guo_zhan_shi/zhong_dian_gong_cheng
2025-08-18 19:13:54,276 - INFO - æ­£åœ¨çˆ¬å–ç¬¬ 7 é¡µ: https://www.schdri.com/go.htm?k=dang_jian_gong_zuo&url=dang_jian_wen_hua/djwh_list
2025-08-18 19:13:55,622 - INFO - æ­£åœ¨çˆ¬å–ç¬¬ 8 é¡µ: https://www.schdri.com/go.htm?k=zhao_biao_gong_gao&url=xgly/gsgg
2025-08-18 19:13:55,993 - INFO - é¡µé¢ https://www.schdri.com/go.htm?k=zhao_biao_gong_gao&url=xgly/gsgg æ‰¾åˆ° 0 ä¸ªæ–°æ‰‹æœºå·, 6 ä¸ªæ–°è”ç³»äºº
2025-08-18 19:13:55,993 - INFO - å»é‡: 2 ä¸ªé‡å¤æ‰‹æœºå·, 0 ä¸ªé‡å¤è”ç³»äºº
2025-08-18 19:13:57,000 - INFO - æ­£åœ¨çˆ¬å–ç¬¬ 9 é¡µ: https://www.schdri.com/res/default/image/page1.mp4
2025-08-18 19:13:57,113 - ERROR - è·å–é¡µé¢å¤±è´¥ https://www.schdri.com/res/default/image/page1.mp4: 404 Client Error:  for url: https://www.schdri.com/res/default/image/page1.mp4
2025-08-18 19:13:57,113 - INFO - æ­£åœ¨çˆ¬å–ç¬¬ 9 é¡µ: https://www.schdri.com/res/default/image/page2.mp4
2025-08-18 19:13:57,235 - ERROR - è·å–é¡µé¢å¤±è´¥ https://www.schdri.com/res/default/image/page2.mp4: 404 Client Error:  for url: https://www.schdri.com/res/default/image/page2.mp4
2025-08-18 19:13:57,235 - INFO - æ­£åœ¨çˆ¬å–ç¬¬ 9 é¡µ: https://www.schdri.com/go.htm?url=dang_jian_wen_hua/djwh_details&k=qi_ye_xin_wen&id=14384
2025-08-18 19:13:58,553 - INFO - æ­£åœ¨çˆ¬å–ç¬¬ 10 é¡µ: https://www.schdri.com/go.htm?url=dang_jian_wen_hua/djwh_details&k=qi_ye_xin_wen&id=14383
2025-08-18 19:13:58,873 - INFO - çˆ¬å–è¿›åº¦: å·²çˆ¬å– 10 é¡µï¼Œå¾…çˆ¬å– 138 é¡µ
2025-08-18 19:13:58,874 - INFO - å·²æ‰¾åˆ° 2 ä¸ªæ‰‹æœºå·ï¼Œ6 ä¸ªè”ç³»äºº
2025-08-18 19:13:59,879 - INFO - æ­£åœ¨çˆ¬å–ç¬¬ 11 é¡µ: https://www.schdri.com/go.htm?url=dang_jian_wen_hua/djwh_details&k=qi_ye_xin_wen&id=14376
2025-08-18 19:14:01,217 - INFO - æ­£åœ¨çˆ¬å–ç¬¬ 12 é¡µ: https://www.schdri.com/go.htm?url=dang_jian_wen_hua/djwh_details&k=qi_ye_xin_wen&id=14370
2025-08-18 19:14:02,614 - INFO - æ­£åœ¨çˆ¬å–ç¬¬ 13 é¡µ: https://www.schdri.com/go.htm?url=dang_jian_wen_hua/djwh_details&k=qi_ye_xin_wen&id=14369
2025-08-18 19:14:03,991 - INFO - æ­£åœ¨çˆ¬å–ç¬¬ 14 é¡µ: https://www.schdri.com/go.htm?url=dang_jian_wen_hua/djwh_details&k=qi_ye_xin_wen&id=14368
2025-08-18 19:14:05,304 - INFO - æ­£åœ¨çˆ¬å–ç¬¬ 15 é¡µ: https://www.schdri.com/go.htm?url=dang_jian_wen_hua/djwh_details&k=qi_ye_xin_wen&id=14354
2025-08-18 19:14:06,608 - INFO - æ­£åœ¨çˆ¬å–ç¬¬ 16 é¡µ: https://www.schdri.com/go.htm?url=dang_jian_wen_hua/djwh_details&k=qi_ye_xin_wen&id=14353
2025-08-18 19:14:07,921 - INFO - æ­£åœ¨çˆ¬å–ç¬¬ 17 é¡µ: https://www.schdri.com/go.htm?url=dang_jian_wen_hua/djwh_details&k=qi_ye_xin_wen&id=14350
2025-08-18 19:14:09,211 - INFO - æ­£åœ¨çˆ¬å–ç¬¬ 18 é¡µ: https://www.schdri.com/go.htm?url=dang_jian_wen_hua/djwh_details&k=qi_ye_xin_wen&id=14348
2025-08-18 19:17:04,381 - INFO - [31m[1mWARNING: This is a development server. Do not use it in a production deployment. Use a production WSGI server instead.[0m
 * Running on all addresses (0.0.0.0)
 * Running on http://127.0.0.1:5000
 * Running on http://10.91.26.11:5000
2025-08-18 19:17:04,381 - INFO - [33mPress CTRL+C to quit[0m
2025-08-18 19:17:23,495 - INFO - å¼€å§‹çˆ¬å–ç½‘ç«™: https://www.schdri.com/
2025-08-18 19:17:23,496 - INFO - 127.0.0.1 - - [18/Aug/2025 19:17:23] "POST /api/scrape HTTP/1.1" 200 -
2025-08-18 19:17:23,496 - INFO - å·²å¯ç”¨é¡µæ•°é™åˆ¶: æœ€å¤šçˆ¬å– 200 é¡µ
2025-08-18 19:17:24,786 - INFO - ç½‘ç«™æ ‡é¢˜: å››å·çœå…¬è·¯è§„åˆ’å‹˜å¯Ÿè®¾è®¡ç ”ç©¶é™¢æœ‰é™å…¬å¸
2025-08-18 19:17:24,787 - INFO - æ­£åœ¨çˆ¬å–ç¬¬ 1 é¡µ: https://www.schdri.com/
2025-08-18 19:17:25,177 - INFO - é¡µé¢ https://www.schdri.com/ æ‰¾åˆ° 2 ä¸ªæ–°æ‰‹æœºå·, 0 ä¸ªæ–°è”ç³»äºº
2025-08-18 19:17:26,185 - INFO - æ­£åœ¨çˆ¬å–ç¬¬ 2 é¡µ: https://www.schdri.com/go.htm?k=gong_si_jian_jie&url=gong_si_gai_kuang/gong_si_jian_jie
2025-08-18 19:17:26,725 - INFO - 127.0.0.1 - - [18/Aug/2025 19:17:26] "[33mGET /download/www.schdri.com_20250818_191723.csv HTTP/1.1[0m" 404 -
2025-08-18 19:17:27,531 - INFO - æ­£åœ¨çˆ¬å–ç¬¬ 3 é¡µ: https://www.schdri.com/go.htm?k=gui_hua_zi_xun&url=xjjyw#main-box
2025-08-18 19:17:28,858 - INFO - æ­£åœ¨çˆ¬å–ç¬¬ 4 é¡µ: https://www.schdri.com/go.htm?k=qi_ye_xin_wen&url=xgly/xwzx
2025-08-18 19:17:29,995 - INFO - 127.0.0.1 - - [18/Aug/2025 19:17:29] "[33mGET /download/www.schdri.com_20250818_191723.docx HTTP/1.1[0m" 404 -
2025-08-18 19:17:30,202 - INFO - æ­£åœ¨çˆ¬å–ç¬¬ 5 é¡µ: https://www.schdri.com/go.htm?k=guo_jia_ke_ji_jin_bu_jiang&url=cheng_guo_zhan_shi/zdgc_list
2025-08-18 19:17:31,491 - INFO - æ­£åœ¨çˆ¬å–ç¬¬ 6 é¡µ: https://www.schdri.com/go.htm?k=zhong_dian_gong_cheng&url=cheng_guo_zhan_shi/zhong_dian_gong_cheng
2025-08-18 19:17:33,637 - INFO - æ­£åœ¨çˆ¬å–ç¬¬ 7 é¡µ: https://www.schdri.com/go.htm?k=dang_jian_gong_zuo&url=dang_jian_wen_hua/djwh_list
2025-08-18 19:17:35,435 - INFO - æ­£åœ¨çˆ¬å–ç¬¬ 8 é¡µ: https://www.schdri.com/go.htm?k=zhao_biao_gong_gao&url=xgly/gsgg
2025-08-18 19:17:35,907 - INFO - é¡µé¢ https://www.schdri.com/go.htm?k=zhao_biao_gong_gao&url=xgly/gsgg æ‰¾åˆ° 0 ä¸ªæ–°æ‰‹æœºå·, 6 ä¸ªæ–°è”ç³»äºº
2025-08-18 19:17:35,908 - INFO - å»é‡: 2 ä¸ªé‡å¤æ‰‹æœºå·, 0 ä¸ªé‡å¤è”ç³»äºº
2025-08-18 19:17:36,914 - INFO - æ­£åœ¨çˆ¬å–ç¬¬ 9 é¡µ: https://www.schdri.com/res/default/image/page1.mp4
2025-08-18 19:17:37,013 - INFO - 127.0.0.1 - - [18/Aug/2025 19:17:37] "GET / HTTP/1.1" 200 -
2025-08-18 19:17:37,023 - ERROR - è·å–é¡µé¢å¤±è´¥ https://www.schdri.com/res/default/image/page1.mp4: 404 Client Error:  for url: https://www.schdri.com/res/default/image/page1.mp4
2025-08-18 19:17:37,024 - INFO - æ­£åœ¨çˆ¬å–ç¬¬ 9 é¡µ: https://www.schdri.com/res/default/image/page2.mp4
2025-08-18 19:17:37,129 - ERROR - è·å–é¡µé¢å¤±è´¥ https://www.schdri.com/res/default/image/page2.mp4: 404 Client Error:  for url: https://www.schdri.com/res/default/image/page2.mp4
2025-08-18 19:17:37,129 - INFO - æ­£åœ¨çˆ¬å–ç¬¬ 9 é¡µ: https://www.schdri.com/go.htm?url=dang_jian_wen_hua/djwh_details&k=qi_ye_xin_wen&id=14384
2025-08-18 19:17:38,475 - INFO - æ­£åœ¨çˆ¬å–ç¬¬ 10 é¡µ: https://www.schdri.com/go.htm?url=dang_jian_wen_hua/djwh_details&k=qi_ye_xin_wen&id=14383
2025-08-18 19:17:38,798 - INFO - çˆ¬å–è¿›åº¦: å·²çˆ¬å– 10 é¡µï¼Œå¾…çˆ¬å– 138 é¡µ
2025-08-18 19:17:38,799 - INFO - å·²æ‰¾åˆ° 2 ä¸ªæ‰‹æœºå·ï¼Œ6 ä¸ªè”ç³»äºº
2025-08-18 19:17:39,804 - INFO - æ­£åœ¨çˆ¬å–ç¬¬ 11 é¡µ: https://www.schdri.com/go.htm?url=dang_jian_wen_hua/djwh_details&k=qi_ye_xin_wen&id=14376
2025-08-18 19:17:40,153 - INFO - å¼€å§‹çˆ¬å–ç½‘ç«™: https://www.schdri.com/
2025-08-18 19:17:40,160 - INFO - 127.0.0.1 - - [18/Aug/2025 19:17:40] "POST /api/scrape HTTP/1.1" 200 -
2025-08-18 19:17:40,167 - INFO - å·²å¯ç”¨é¡µæ•°é™åˆ¶: æœ€å¤šçˆ¬å– 200 é¡µ
2025-08-18 19:17:40,185 - INFO - 127.0.0.1 - - [18/Aug/2025 19:17:40] "GET /api/events?task_id=t1755515860146 HTTP/1.1" 200 -
2025-08-18 19:17:41,007 - INFO - ç½‘ç«™æ ‡é¢˜: å››å·çœå…¬è·¯è§„åˆ’å‹˜å¯Ÿè®¾è®¡ç ”ç©¶é™¢æœ‰é™å…¬å¸
2025-08-18 19:17:41,007 - INFO - æ­£åœ¨çˆ¬å–ç¬¬ 1 é¡µ: https://www.schdri.com/
2025-08-18 19:17:41,190 - INFO - æ­£åœ¨çˆ¬å–ç¬¬ 12 é¡µ: https://www.schdri.com/go.htm?url=dang_jian_wen_hua/djwh_details&k=qi_ye_xin_wen&id=14370
2025-08-18 19:17:41,459 - INFO - é¡µé¢ https://www.schdri.com/ æ‰¾åˆ° 2 ä¸ªæ–°æ‰‹æœºå·, 0 ä¸ªæ–°è”ç³»äºº
2025-08-18 19:17:42,467 - INFO - æ­£åœ¨çˆ¬å–ç¬¬ 2 é¡µ: https://www.schdri.com/go.htm?k=gong_si_jian_jie&url=gong_si_gai_kuang/gong_si_jian_jie
2025-08-18 19:17:42,535 - INFO - æ­£åœ¨çˆ¬å–ç¬¬ 13 é¡µ: https://www.schdri.com/go.htm?url=dang_jian_wen_hua/djwh_details&k=qi_ye_xin_wen&id=14369
2025-08-18 19:17:43,799 - INFO - æ­£åœ¨çˆ¬å–ç¬¬ 3 é¡µ: https://www.schdri.com/go.htm?k=gui_hua_zi_xun&url=xjjyw#main-box
2025-08-18 19:17:43,854 - INFO - æ­£åœ¨çˆ¬å–ç¬¬ 14 é¡µ: https://www.schdri.com/go.htm?url=dang_jian_wen_hua/djwh_details&k=qi_ye_xin_wen&id=14368
2025-08-18 19:17:45,134 - INFO - æ­£åœ¨çˆ¬å–ç¬¬ 4 é¡µ: https://www.schdri.com/go.htm?k=qi_ye_xin_wen&url=xgly/xwzx
2025-08-18 19:17:45,163 - INFO - æ­£åœ¨çˆ¬å–ç¬¬ 15 é¡µ: https://www.schdri.com/go.htm?url=dang_jian_wen_hua/djwh_details&k=qi_ye_xin_wen&id=14354
2025-08-18 19:17:46,519 - INFO - æ­£åœ¨çˆ¬å–ç¬¬ 5 é¡µ: https://www.schdri.com/go.htm?k=guo_jia_ke_ji_jin_bu_jiang&url=cheng_guo_zhan_shi/zdgc_list
2025-08-18 19:17:46,519 - INFO - æ­£åœ¨çˆ¬å–ç¬¬ 16 é¡µ: https://www.schdri.com/go.htm?url=dang_jian_wen_hua/djwh_details&k=qi_ye_xin_wen&id=14353
2025-08-18 19:17:47,869 - INFO - æ­£åœ¨çˆ¬å–ç¬¬ 17 é¡µ: https://www.schdri.com/go.htm?url=dang_jian_wen_hua/djwh_details&k=qi_ye_xin_wen&id=14350
2025-08-18 19:17:47,880 - INFO - æ­£åœ¨çˆ¬å–ç¬¬ 6 é¡µ: https://www.schdri.com/go.htm?k=zhong_dian_gong_cheng&url=cheng_guo_zhan_shi/zhong_dian_gong_cheng
2025-08-18 19:17:49,268 - INFO - æ­£åœ¨çˆ¬å–ç¬¬ 18 é¡µ: https://www.schdri.com/go.htm?url=dang_jian_wen_hua/djwh_details&k=qi_ye_xin_wen&id=14348
2025-08-18 19:17:49,280 - INFO - æ­£åœ¨çˆ¬å–ç¬¬ 7 é¡µ: https://www.schdri.com/go.htm?k=dang_jian_gong_zuo&url=dang_jian_wen_hua/djwh_list
2025-08-18 19:17:49,435 - INFO - 127.0.0.1 - - [18/Aug/2025 19:17:49] "GET / HTTP/1.1" 200 -
2025-08-18 19:17:50,585 - INFO - æ­£åœ¨çˆ¬å–ç¬¬ 19 é¡µ: https://www.schdri.com/go.htm?url=dang_jian_wen_hua/djwh_details&k=qi_ye_xin_wen&id=14342
2025-08-18 19:17:50,636 - INFO - æ­£åœ¨çˆ¬å–ç¬¬ 8 é¡µ: https://www.schdri.com/go.htm?k=zhao_biao_gong_gao&url=xgly/gsgg
2025-08-18 19:17:51,006 - INFO - é¡µé¢ https://www.schdri.com/go.htm?k=zhao_biao_gong_gao&url=xgly/gsgg æ‰¾åˆ° 0 ä¸ªæ–°æ‰‹æœºå·, 6 ä¸ªæ–°è”ç³»äºº
2025-08-18 19:17:51,006 - INFO - å»é‡: 2 ä¸ªé‡å¤æ‰‹æœºå·, 0 ä¸ªé‡å¤è”ç³»äºº
