[2025-08-21 09:29:09 +0800] [81673] [INFO] Starting gunicorn 23.0.0
[2025-08-21 09:29:09 +0800] [81673] [INFO] Listening at: http://0.0.0.0:5000 (81673)
[2025-08-21 09:29:09 +0800] [81673] [INFO] Using worker: sync
[2025-08-21 09:29:09 +0800] [81675] [INFO] Booting worker with pid: 81675
[2025-08-21 09:29:09 +0800] [81676] [INFO] Booting worker with pid: 81676
[2025-08-21 09:29:09 +0800] [81677] [INFO] Booting worker with pid: 81677
[2025-08-21 09:29:09 +0800] [81676] [ERROR] Exception in worker process
Traceback (most recent call last):
  File "/Users/chenjunliang/project/python/get_phone/.venv/lib/python3.9/site-packages/gunicorn/arbiter.py", line 608, in spawn_worker
    worker.init_process()
  File "/Users/chenjunliang/project/python/get_phone/.venv/lib/python3.9/site-packages/gunicorn/workers/base.py", line 135, in init_process
    self.load_wsgi()
  File "/Users/chenjunliang/project/python/get_phone/.venv/lib/python3.9/site-packages/gunicorn/workers/base.py", line 147, in load_wsgi
    self.wsgi = self.app.wsgi()
  File "/Users/chenjunliang/project/python/get_phone/.venv/lib/python3.9/site-packages/gunicorn/app/base.py", line 66, in wsgi
    self.callable = self.load()
  File "/Users/chenjunliang/project/python/get_phone/.venv/lib/python3.9/site-packages/gunicorn/app/wsgiapp.py", line 57, in load
    return self.load_wsgiapp()
  File "/Users/chenjunliang/project/python/get_phone/.venv/lib/python3.9/site-packages/gunicorn/app/wsgiapp.py", line 47, in load_wsgiapp
    return util.import_app(self.app_uri)
  File "/Users/chenjunliang/project/python/get_phone/.venv/lib/python3.9/site-packages/gunicorn/util.py", line 370, in import_app
    mod = importlib.import_module(module)
  File "/Library/Developer/CommandLineTools/Library/Frameworks/Python3.framework/Versions/3.9/lib/python3.9/importlib/__init__.py", line 127, in import_module
    return _bootstrap._gcd_import(name[level:], package, level)
  File "<frozen importlib._bootstrap>", line 1030, in _gcd_import
  File "<frozen importlib._bootstrap>", line 1007, in _find_and_load
  File "<frozen importlib._bootstrap>", line 986, in _find_and_load_unlocked
  File "<frozen importlib._bootstrap>", line 680, in _load_unlocked
  File "<frozen importlib._bootstrap_external>", line 850, in exec_module
  File "<frozen importlib._bootstrap>", line 228, in _call_with_frames_removed
  File "/Users/chenjunliang/project/python/get_phone/core/web_app.py", line 19, in <module>
    from .config import OUTPUT_DIR, DEFAULT_MAX_PAGES
ImportError: cannot import name 'OUTPUT_DIR' from 'core.config' (/Users/chenjunliang/project/python/get_phone/core/config.py)
[2025-08-21 09:29:09 +0800] [81675] [ERROR] Exception in worker process
Traceback (most recent call last):
  File "/Users/chenjunliang/project/python/get_phone/.venv/lib/python3.9/site-packages/gunicorn/arbiter.py", line 608, in spawn_worker
    worker.init_process()
  File "/Users/chenjunliang/project/python/get_phone/.venv/lib/python3.9/site-packages/gunicorn/workers/base.py", line 135, in init_process
    self.load_wsgi()
  File "/Users/chenjunliang/project/python/get_phone/.venv/lib/python3.9/site-packages/gunicorn/workers/base.py", line 147, in load_wsgi
    self.wsgi = self.app.wsgi()
  File "/Users/chenjunliang/project/python/get_phone/.venv/lib/python3.9/site-packages/gunicorn/app/base.py", line 66, in wsgi
    self.callable = self.load()
  File "/Users/chenjunliang/project/python/get_phone/.venv/lib/python3.9/site-packages/gunicorn/app/wsgiapp.py", line 57, in load
    return self.load_wsgiapp()
  File "/Users/chenjunliang/project/python/get_phone/.venv/lib/python3.9/site-packages/gunicorn/app/wsgiapp.py", line 47, in load_wsgiapp
    return util.import_app(self.app_uri)
  File "/Users/chenjunliang/project/python/get_phone/.venv/lib/python3.9/site-packages/gunicorn/util.py", line 370, in import_app
    mod = importlib.import_module(module)
  File "/Library/Developer/CommandLineTools/Library/Frameworks/Python3.framework/Versions/3.9/lib/python3.9/importlib/__init__.py", line 127, in import_module
    return _bootstrap._gcd_import(name[level:], package, level)
  File "<frozen importlib._bootstrap>", line 1030, in _gcd_import
  File "<frozen importlib._bootstrap>", line 1007, in _find_and_load
  File "<frozen importlib._bootstrap>", line 986, in _find_and_load_unlocked
  File "<frozen importlib._bootstrap>", line 680, in _load_unlocked
  File "<frozen importlib._bootstrap_external>", line 850, in exec_module
  File "<frozen importlib._bootstrap>", line 228, in _call_with_frames_removed
  File "/Users/chenjunliang/project/python/get_phone/core/web_app.py", line 19, in <module>
    from .config import OUTPUT_DIR, DEFAULT_MAX_PAGES
ImportError: cannot import name 'OUTPUT_DIR' from 'core.config' (/Users/chenjunliang/project/python/get_phone/core/config.py)
[2025-08-21 09:29:09 +0800] [81676] [INFO] Worker exiting (pid: 81676)
[2025-08-21 09:29:09 +0800] [81675] [INFO] Worker exiting (pid: 81675)
[2025-08-21 09:29:09 +0800] [81673] [ERROR] Worker (pid:81675) exited with code 3
[2025-08-21 09:29:09 +0800] [81673] [ERROR] Worker (pid:81676) exited with code 3
[2025-08-21 09:29:09 +0800] [81677] [ERROR] Exception in worker process
Traceback (most recent call last):
  File "/Users/chenjunliang/project/python/get_phone/.venv/lib/python3.9/site-packages/gunicorn/arbiter.py", line 608, in spawn_worker
    worker.init_process()
  File "/Users/chenjunliang/project/python/get_phone/.venv/lib/python3.9/site-packages/gunicorn/workers/base.py", line 135, in init_process
    self.load_wsgi()
  File "/Users/chenjunliang/project/python/get_phone/.venv/lib/python3.9/site-packages/gunicorn/workers/base.py", line 147, in load_wsgi
    self.wsgi = self.app.wsgi()
  File "/Users/chenjunliang/project/python/get_phone/.venv/lib/python3.9/site-packages/gunicorn/app/base.py", line 66, in wsgi
    self.callable = self.load()
  File "/Users/chenjunliang/project/python/get_phone/.venv/lib/python3.9/site-packages/gunicorn/app/wsgiapp.py", line 57, in load
    return self.load_wsgiapp()
  File "/Users/chenjunliang/project/python/get_phone/.venv/lib/python3.9/site-packages/gunicorn/app/wsgiapp.py", line 47, in load_wsgiapp
    return util.import_app(self.app_uri)
  File "/Users/chenjunliang/project/python/get_phone/.venv/lib/python3.9/site-packages/gunicorn/util.py", line 370, in import_app
    mod = importlib.import_module(module)
  File "/Library/Developer/CommandLineTools/Library/Frameworks/Python3.framework/Versions/3.9/lib/python3.9/importlib/__init__.py", line 127, in import_module
    return _bootstrap._gcd_import(name[level:], package, level)
  File "<frozen importlib._bootstrap>", line 1030, in _gcd_import
  File "<frozen importlib._bootstrap>", line 1007, in _find_and_load
  File "<frozen importlib._bootstrap>", line 986, in _find_and_load_unlocked
  File "<frozen importlib._bootstrap>", line 680, in _load_unlocked
  File "<frozen importlib._bootstrap_external>", line 850, in exec_module
  File "<frozen importlib._bootstrap>", line 228, in _call_with_frames_removed
  File "/Users/chenjunliang/project/python/get_phone/core/web_app.py", line 19, in <module>
    from .config import OUTPUT_DIR, DEFAULT_MAX_PAGES
ImportError: cannot import name 'OUTPUT_DIR' from 'core.config' (/Users/chenjunliang/project/python/get_phone/core/config.py)
[2025-08-21 09:29:09 +0800] [81677] [INFO] Worker exiting (pid: 81677)
[2025-08-21 09:32:33 +0800] [92904] [INFO] Starting gunicorn 23.0.0
[2025-08-21 09:32:33 +0800] [92904] [INFO] Listening at: http://0.0.0.0:5000 (92904)
[2025-08-21 09:32:33 +0800] [92904] [INFO] Using worker: sync
[2025-08-21 09:32:33 +0800] [92906] [INFO] Booting worker with pid: 92906
[2025-08-21 09:32:33 +0800] [92907] [INFO] Booting worker with pid: 92907
[2025-08-21 09:32:33 +0800] [92909] [INFO] Booting worker with pid: 92909
[2025-08-21 09:32:33 +0800] [92907] [ERROR] Exception in worker process
Traceback (most recent call last):
  File "/Users/chenjunliang/project/python/get_phone/.venv/lib/python3.9/site-packages/gunicorn/arbiter.py", line 608, in spawn_worker
    worker.init_process()
  File "/Users/chenjunliang/project/python/get_phone/.venv/lib/python3.9/site-packages/gunicorn/workers/base.py", line 135, in init_process
    self.load_wsgi()
  File "/Users/chenjunliang/project/python/get_phone/.venv/lib/python3.9/site-packages/gunicorn/workers/base.py", line 147, in load_wsgi
    self.wsgi = self.app.wsgi()
  File "/Users/chenjunliang/project/python/get_phone/.venv/lib/python3.9/site-packages/gunicorn/app/base.py", line 66, in wsgi
    self.callable = self.load()
  File "/Users/chenjunliang/project/python/get_phone/.venv/lib/python3.9/site-packages/gunicorn/app/wsgiapp.py", line 57, in load
    return self.load_wsgiapp()
  File "/Users/chenjunliang/project/python/get_phone/.venv/lib/python3.9/site-packages/gunicorn/app/wsgiapp.py", line 47, in load_wsgiapp
    return util.import_app(self.app_uri)
  File "/Users/chenjunliang/project/python/get_phone/.venv/lib/python3.9/site-packages/gunicorn/util.py", line 370, in import_app
    mod = importlib.import_module(module)
  File "/Library/Developer/CommandLineTools/Library/Frameworks/Python3.framework/Versions/3.9/lib/python3.9/importlib/__init__.py", line 127, in import_module
    return _bootstrap._gcd_import(name[level:], package, level)
  File "<frozen importlib._bootstrap>", line 1030, in _gcd_import
  File "<frozen importlib._bootstrap>", line 1007, in _find_and_load
  File "<frozen importlib._bootstrap>", line 986, in _find_and_load_unlocked
  File "<frozen importlib._bootstrap>", line 680, in _load_unlocked
  File "<frozen importlib._bootstrap_external>", line 850, in exec_module
  File "<frozen importlib._bootstrap>", line 228, in _call_with_frames_removed
  File "/Users/chenjunliang/project/python/get_phone/core/web_app.py", line 19, in <module>
    from .config import OUTPUT_DIR, DEFAULT_MAX_PAGES
ImportError: cannot import name 'OUTPUT_DIR' from 'core.config' (/Users/chenjunliang/project/python/get_phone/core/config.py)
[2025-08-21 09:32:33 +0800] [92906] [ERROR] Exception in worker process
Traceback (most recent call last):
  File "/Users/chenjunliang/project/python/get_phone/.venv/lib/python3.9/site-packages/gunicorn/arbiter.py", line 608, in spawn_worker
    worker.init_process()
  File "/Users/chenjunliang/project/python/get_phone/.venv/lib/python3.9/site-packages/gunicorn/workers/base.py", line 135, in init_process
    self.load_wsgi()
  File "/Users/chenjunliang/project/python/get_phone/.venv/lib/python3.9/site-packages/gunicorn/workers/base.py", line 147, in load_wsgi
    self.wsgi = self.app.wsgi()
  File "/Users/chenjunliang/project/python/get_phone/.venv/lib/python3.9/site-packages/gunicorn/app/base.py", line 66, in wsgi
    self.callable = self.load()
  File "/Users/chenjunliang/project/python/get_phone/.venv/lib/python3.9/site-packages/gunicorn/app/wsgiapp.py", line 57, in load
    return self.load_wsgiapp()
  File "/Users/chenjunliang/project/python/get_phone/.venv/lib/python3.9/site-packages/gunicorn/app/wsgiapp.py", line 47, in load_wsgiapp
    return util.import_app(self.app_uri)
  File "/Users/chenjunliang/project/python/get_phone/.venv/lib/python3.9/site-packages/gunicorn/util.py", line 370, in import_app
    mod = importlib.import_module(module)
  File "/Library/Developer/CommandLineTools/Library/Frameworks/Python3.framework/Versions/3.9/lib/python3.9/importlib/__init__.py", line 127, in import_module
    return _bootstrap._gcd_import(name[level:], package, level)
  File "<frozen importlib._bootstrap>", line 1030, in _gcd_import
  File "<frozen importlib._bootstrap>", line 1007, in _find_and_load
  File "<frozen importlib._bootstrap>", line 986, in _find_and_load_unlocked
  File "<frozen importlib._bootstrap>", line 680, in _load_unlocked
  File "<frozen importlib._bootstrap_external>", line 850, in exec_module
  File "<frozen importlib._bootstrap>", line 228, in _call_with_frames_removed
  File "/Users/chenjunliang/project/python/get_phone/core/web_app.py", line 19, in <module>
    from .config import OUTPUT_DIR, DEFAULT_MAX_PAGES
ImportError: cannot import name 'OUTPUT_DIR' from 'core.config' (/Users/chenjunliang/project/python/get_phone/core/config.py)
[2025-08-21 09:32:33 +0800] [92907] [INFO] Worker exiting (pid: 92907)
[2025-08-21 09:32:33 +0800] [92906] [INFO] Worker exiting (pid: 92906)
[2025-08-21 09:32:33 +0800] [92915] [INFO] Booting worker with pid: 92915
[2025-08-21 09:32:33 +0800] [92904] [ERROR] Worker (pid:92907) exited with code 3
[2025-08-21 09:32:33 +0800] [92909] [ERROR] Exception in worker process
Traceback (most recent call last):
  File "/Users/chenjunliang/project/python/get_phone/.venv/lib/python3.9/site-packages/gunicorn/arbiter.py", line 608, in spawn_worker
    worker.init_process()
  File "/Users/chenjunliang/project/python/get_phone/.venv/lib/python3.9/site-packages/gunicorn/workers/base.py", line 135, in init_process
    self.load_wsgi()
  File "/Users/chenjunliang/project/python/get_phone/.venv/lib/python3.9/site-packages/gunicorn/workers/base.py", line 147, in load_wsgi
    self.wsgi = self.app.wsgi()
  File "/Users/chenjunliang/project/python/get_phone/.venv/lib/python3.9/site-packages/gunicorn/app/base.py", line 66, in wsgi
    self.callable = self.load()
  File "/Users/chenjunliang/project/python/get_phone/.venv/lib/python3.9/site-packages/gunicorn/app/wsgiapp.py", line 57, in load
    return self.load_wsgiapp()
  File "/Users/chenjunliang/project/python/get_phone/.venv/lib/python3.9/site-packages/gunicorn/app/wsgiapp.py", line 47, in load_wsgiapp
    return util.import_app(self.app_uri)
  File "/Users/chenjunliang/project/python/get_phone/.venv/lib/python3.9/site-packages/gunicorn/util.py", line 370, in import_app
    mod = importlib.import_module(module)
  File "/Library/Developer/CommandLineTools/Library/Frameworks/Python3.framework/Versions/3.9/lib/python3.9/importlib/__init__.py", line 127, in import_module
    return _bootstrap._gcd_import(name[level:], package, level)
  File "<frozen importlib._bootstrap>", line 1030, in _gcd_import
  File "<frozen importlib._bootstrap>", line 1007, in _find_and_load
  File "<frozen importlib._bootstrap>", line 986, in _find_and_load_unlocked
  File "<frozen importlib._bootstrap>", line 680, in _load_unlocked
  File "<frozen importlib._bootstrap_external>", line 850, in exec_module
  File "<frozen importlib._bootstrap>", line 228, in _call_with_frames_removed
  File "/Users/chenjunliang/project/python/get_phone/core/web_app.py", line 19, in <module>
    from .config import OUTPUT_DIR, DEFAULT_MAX_PAGES
ImportError: cannot import name 'OUTPUT_DIR' from 'core.config' (/Users/chenjunliang/project/python/get_phone/core/config.py)
[2025-08-21 09:32:33 +0800] [92909] [INFO] Worker exiting (pid: 92909)
[2025-08-21 09:32:33 +0800] [92904] [ERROR] Worker (pid:92909) exited with code 3
[2025-08-21 09:32:33 +0800] [92915] [ERROR] Exception in worker process
Traceback (most recent call last):
  File "/Users/chenjunliang/project/python/get_phone/.venv/lib/python3.9/site-packages/gunicorn/arbiter.py", line 608, in spawn_worker
    worker.init_process()
  File "/Users/chenjunliang/project/python/get_phone/.venv/lib/python3.9/site-packages/gunicorn/workers/base.py", line 135, in init_process
    self.load_wsgi()
  File "/Users/chenjunliang/project/python/get_phone/.venv/lib/python3.9/site-packages/gunicorn/workers/base.py", line 147, in load_wsgi
    self.wsgi = self.app.wsgi()
  File "/Users/chenjunliang/project/python/get_phone/.venv/lib/python3.9/site-packages/gunicorn/app/base.py", line 66, in wsgi
    self.callable = self.load()
  File "/Users/chenjunliang/project/python/get_phone/.venv/lib/python3.9/site-packages/gunicorn/app/wsgiapp.py", line 57, in load
    return self.load_wsgiapp()
  File "/Users/chenjunliang/project/python/get_phone/.venv/lib/python3.9/site-packages/gunicorn/app/wsgiapp.py", line 47, in load_wsgiapp
    return util.import_app(self.app_uri)
  File "/Users/chenjunliang/project/python/get_phone/.venv/lib/python3.9/site-packages/gunicorn/util.py", line 370, in import_app
    mod = importlib.import_module(module)
  File "/Library/Developer/CommandLineTools/Library/Frameworks/Python3.framework/Versions/3.9/lib/python3.9/importlib/__init__.py", line 127, in import_module
    return _bootstrap._gcd_import(name[level:], package, level)
  File "<frozen importlib._bootstrap>", line 1030, in _gcd_import
  File "<frozen importlib._bootstrap>", line 1007, in _find_and_load
  File "<frozen importlib._bootstrap>", line 986, in _find_and_load_unlocked
  File "<frozen importlib._bootstrap>", line 680, in _load_unlocked
  File "<frozen importlib._bootstrap_external>", line 850, in exec_module
  File "<frozen importlib._bootstrap>", line 228, in _call_with_frames_removed
  File "/Users/chenjunliang/project/python/get_phone/core/web_app.py", line 19, in <module>
    from .config import OUTPUT_DIR, DEFAULT_MAX_PAGES
ImportError: cannot import name 'OUTPUT_DIR' from 'core.config' (/Users/chenjunliang/project/python/get_phone/core/config.py)
[2025-08-21 09:32:33 +0800] [92915] [INFO] Worker exiting (pid: 92915)
[2025-08-21 09:32:52 +0800] [93604] [INFO] Starting gunicorn 23.0.0
[2025-08-21 09:32:52 +0800] [93604] [INFO] Listening at: http://0.0.0.0:5000 (93604)
[2025-08-21 09:32:52 +0800] [93604] [INFO] Using worker: sync
[2025-08-21 09:32:52 +0800] [93606] [INFO] Booting worker with pid: 93606
[2025-08-21 09:32:52 +0800] [93611] [INFO] Booting worker with pid: 93611
[2025-08-21 09:32:52 +0800] [93606] [ERROR] Exception in worker process
Traceback (most recent call last):
  File "/Users/chenjunliang/project/python/get_phone/.venv/lib/python3.9/site-packages/gunicorn/arbiter.py", line 608, in spawn_worker
    worker.init_process()
  File "/Users/chenjunliang/project/python/get_phone/.venv/lib/python3.9/site-packages/gunicorn/workers/base.py", line 135, in init_process
    self.load_wsgi()
  File "/Users/chenjunliang/project/python/get_phone/.venv/lib/python3.9/site-packages/gunicorn/workers/base.py", line 147, in load_wsgi
    self.wsgi = self.app.wsgi()
  File "/Users/chenjunliang/project/python/get_phone/.venv/lib/python3.9/site-packages/gunicorn/app/base.py", line 66, in wsgi
    self.callable = self.load()
  File "/Users/chenjunliang/project/python/get_phone/.venv/lib/python3.9/site-packages/gunicorn/app/wsgiapp.py", line 57, in load
    return self.load_wsgiapp()
  File "/Users/chenjunliang/project/python/get_phone/.venv/lib/python3.9/site-packages/gunicorn/app/wsgiapp.py", line 47, in load_wsgiapp
    return util.import_app(self.app_uri)
  File "/Users/chenjunliang/project/python/get_phone/.venv/lib/python3.9/site-packages/gunicorn/util.py", line 370, in import_app
    mod = importlib.import_module(module)
  File "/Library/Developer/CommandLineTools/Library/Frameworks/Python3.framework/Versions/3.9/lib/python3.9/importlib/__init__.py", line 127, in import_module
    return _bootstrap._gcd_import(name[level:], package, level)
  File "<frozen importlib._bootstrap>", line 1030, in _gcd_import
  File "<frozen importlib._bootstrap>", line 1007, in _find_and_load
  File "<frozen importlib._bootstrap>", line 986, in _find_and_load_unlocked
  File "<frozen importlib._bootstrap>", line 680, in _load_unlocked
  File "<frozen importlib._bootstrap_external>", line 850, in exec_module
  File "<frozen importlib._bootstrap>", line 228, in _call_with_frames_removed
  File "/Users/chenjunliang/project/python/get_phone/core/web_app.py", line 19, in <module>
    from .config import OUTPUT_DIR, DEFAULT_MAX_PAGES
ImportError: cannot import name 'OUTPUT_DIR' from 'core.config' (/Users/chenjunliang/project/python/get_phone/core/config.py)
[2025-08-21 09:32:52 +0800] [93606] [INFO] Worker exiting (pid: 93606)
[2025-08-21 09:32:52 +0800] [93612] [INFO] Booting worker with pid: 93612
[2025-08-21 09:32:52 +0800] [93604] [ERROR] Worker (pid:93606) exited with code 3
[2025-08-21 09:32:52 +0800] [93611] [ERROR] Exception in worker process
Traceback (most recent call last):
  File "/Users/chenjunliang/project/python/get_phone/.venv/lib/python3.9/site-packages/gunicorn/arbiter.py", line 608, in spawn_worker
    worker.init_process()
  File "/Users/chenjunliang/project/python/get_phone/.venv/lib/python3.9/site-packages/gunicorn/workers/base.py", line 135, in init_process
    self.load_wsgi()
  File "/Users/chenjunliang/project/python/get_phone/.venv/lib/python3.9/site-packages/gunicorn/workers/base.py", line 147, in load_wsgi
    self.wsgi = self.app.wsgi()
  File "/Users/chenjunliang/project/python/get_phone/.venv/lib/python3.9/site-packages/gunicorn/app/base.py", line 66, in wsgi
    self.callable = self.load()
  File "/Users/chenjunliang/project/python/get_phone/.venv/lib/python3.9/site-packages/gunicorn/app/wsgiapp.py", line 57, in load
    return self.load_wsgiapp()
  File "/Users/chenjunliang/project/python/get_phone/.venv/lib/python3.9/site-packages/gunicorn/app/wsgiapp.py", line 47, in load_wsgiapp
    return util.import_app(self.app_uri)
  File "/Users/chenjunliang/project/python/get_phone/.venv/lib/python3.9/site-packages/gunicorn/util.py", line 370, in import_app
    mod = importlib.import_module(module)
  File "/Library/Developer/CommandLineTools/Library/Frameworks/Python3.framework/Versions/3.9/lib/python3.9/importlib/__init__.py", line 127, in import_module
    return _bootstrap._gcd_import(name[level:], package, level)
  File "<frozen importlib._bootstrap>", line 1030, in _gcd_import
  File "<frozen importlib._bootstrap>", line 1007, in _find_and_load
  File "<frozen importlib._bootstrap>", line 986, in _find_and_load_unlocked
  File "<frozen importlib._bootstrap>", line 680, in _load_unlocked
  File "<frozen importlib._bootstrap_external>", line 850, in exec_module
  File "<frozen importlib._bootstrap>", line 228, in _call_with_frames_removed
  File "/Users/chenjunliang/project/python/get_phone/core/web_app.py", line 19, in <module>
    from .config import OUTPUT_DIR, DEFAULT_MAX_PAGES
ImportError: cannot import name 'OUTPUT_DIR' from 'core.config' (/Users/chenjunliang/project/python/get_phone/core/config.py)
[2025-08-21 09:32:52 +0800] [93611] [INFO] Worker exiting (pid: 93611)
[2025-08-21 09:32:52 +0800] [93604] [ERROR] Worker (pid:93611) exited with code 3
[2025-08-21 09:32:52 +0800] [93612] [ERROR] Exception in worker process
Traceback (most recent call last):
  File "/Users/chenjunliang/project/python/get_phone/.venv/lib/python3.9/site-packages/gunicorn/arbiter.py", line 608, in spawn_worker
    worker.init_process()
  File "/Users/chenjunliang/project/python/get_phone/.venv/lib/python3.9/site-packages/gunicorn/workers/base.py", line 135, in init_process
    self.load_wsgi()
  File "/Users/chenjunliang/project/python/get_phone/.venv/lib/python3.9/site-packages/gunicorn/workers/base.py", line 147, in load_wsgi
    self.wsgi = self.app.wsgi()
  File "/Users/chenjunliang/project/python/get_phone/.venv/lib/python3.9/site-packages/gunicorn/app/base.py", line 66, in wsgi
    self.callable = self.load()
  File "/Users/chenjunliang/project/python/get_phone/.venv/lib/python3.9/site-packages/gunicorn/app/wsgiapp.py", line 57, in load
    return self.load_wsgiapp()
  File "/Users/chenjunliang/project/python/get_phone/.venv/lib/python3.9/site-packages/gunicorn/app/wsgiapp.py", line 47, in load_wsgiapp
    return util.import_app(self.app_uri)
  File "/Users/chenjunliang/project/python/get_phone/.venv/lib/python3.9/site-packages/gunicorn/util.py", line 370, in import_app
    mod = importlib.import_module(module)
  File "/Library/Developer/CommandLineTools/Library/Frameworks/Python3.framework/Versions/3.9/lib/python3.9/importlib/__init__.py", line 127, in import_module
    return _bootstrap._gcd_import(name[level:], package, level)
  File "<frozen importlib._bootstrap>", line 1030, in _gcd_import
  File "<frozen importlib._bootstrap>", line 1007, in _find_and_load
  File "<frozen importlib._bootstrap>", line 986, in _find_and_load_unlocked
  File "<frozen importlib._bootstrap>", line 680, in _load_unlocked
  File "<frozen importlib._bootstrap_external>", line 850, in exec_module
  File "<frozen importlib._bootstrap>", line 228, in _call_with_frames_removed
  File "/Users/chenjunliang/project/python/get_phone/core/web_app.py", line 19, in <module>
    from .config import OUTPUT_DIR, DEFAULT_MAX_PAGES
ImportError: cannot import name 'OUTPUT_DIR' from 'core.config' (/Users/chenjunliang/project/python/get_phone/core/config.py)
[2025-08-21 09:32:52 +0800] [93612] [INFO] Worker exiting (pid: 93612)
[2025-08-21 09:34:20 +0800] [99522] [INFO] Starting gunicorn 23.0.0
[2025-08-21 09:34:20 +0800] [99522] [INFO] Listening at: http://0.0.0.0:5000 (99522)
[2025-08-21 09:34:20 +0800] [99522] [INFO] Using worker: sync
[2025-08-21 09:34:20 +0800] [99524] [INFO] Booting worker with pid: 99524
[2025-08-21 09:34:20 +0800] [99528] [INFO] Booting worker with pid: 99528
[2025-08-21 09:34:21 +0800] [99531] [INFO] Booting worker with pid: 99531
[2025-08-21 09:34:21 +0800] [99532] [INFO] Booting worker with pid: 99532
[2025-08-21 09:34:21 +0800] [99524] [ERROR] Exception in worker process
Traceback (most recent call last):
  File "/Users/chenjunliang/project/python/get_phone/.venv/lib/python3.9/site-packages/gunicorn/arbiter.py", line 608, in spawn_worker
    worker.init_process()
  File "/Users/chenjunliang/project/python/get_phone/.venv/lib/python3.9/site-packages/gunicorn/workers/base.py", line 135, in init_process
    self.load_wsgi()
  File "/Users/chenjunliang/project/python/get_phone/.venv/lib/python3.9/site-packages/gunicorn/workers/base.py", line 147, in load_wsgi
    self.wsgi = self.app.wsgi()
  File "/Users/chenjunliang/project/python/get_phone/.venv/lib/python3.9/site-packages/gunicorn/app/base.py", line 66, in wsgi
    self.callable = self.load()
  File "/Users/chenjunliang/project/python/get_phone/.venv/lib/python3.9/site-packages/gunicorn/app/wsgiapp.py", line 57, in load
    return self.load_wsgiapp()
  File "/Users/chenjunliang/project/python/get_phone/.venv/lib/python3.9/site-packages/gunicorn/app/wsgiapp.py", line 47, in load_wsgiapp
    return util.import_app(self.app_uri)
  File "/Users/chenjunliang/project/python/get_phone/.venv/lib/python3.9/site-packages/gunicorn/util.py", line 370, in import_app
    mod = importlib.import_module(module)
  File "/Library/Developer/CommandLineTools/Library/Frameworks/Python3.framework/Versions/3.9/lib/python3.9/importlib/__init__.py", line 127, in import_module
    return _bootstrap._gcd_import(name[level:], package, level)
  File "<frozen importlib._bootstrap>", line 1030, in _gcd_import
  File "<frozen importlib._bootstrap>", line 1007, in _find_and_load
  File "<frozen importlib._bootstrap>", line 986, in _find_and_load_unlocked
  File "<frozen importlib._bootstrap>", line 680, in _load_unlocked
  File "<frozen importlib._bootstrap_external>", line 850, in exec_module
  File "<frozen importlib._bootstrap>", line 228, in _call_with_frames_removed
  File "/Users/chenjunliang/project/python/get_phone/core/web_app.py", line 19, in <module>
    from .config import OUTPUT_DIR, DEFAULT_MAX_PAGES
ImportError: cannot import name 'OUTPUT_DIR' from 'core.config' (/Users/chenjunliang/project/python/get_phone/core/config.py)
[2025-08-21 09:34:21 +0800] [99524] [INFO] Worker exiting (pid: 99524)
[2025-08-21 09:34:21 +0800] [99528] [ERROR] Exception in worker process
Traceback (most recent call last):
  File "/Users/chenjunliang/project/python/get_phone/.venv/lib/python3.9/site-packages/gunicorn/arbiter.py", line 608, in spawn_worker
    worker.init_process()
  File "/Users/chenjunliang/project/python/get_phone/.venv/lib/python3.9/site-packages/gunicorn/workers/base.py", line 135, in init_process
    self.load_wsgi()
  File "/Users/chenjunliang/project/python/get_phone/.venv/lib/python3.9/site-packages/gunicorn/workers/base.py", line 147, in load_wsgi
    self.wsgi = self.app.wsgi()
  File "/Users/chenjunliang/project/python/get_phone/.venv/lib/python3.9/site-packages/gunicorn/app/base.py", line 66, in wsgi
    self.callable = self.load()
  File "/Users/chenjunliang/project/python/get_phone/.venv/lib/python3.9/site-packages/gunicorn/app/wsgiapp.py", line 57, in load
    return self.load_wsgiapp()
  File "/Users/chenjunliang/project/python/get_phone/.venv/lib/python3.9/site-packages/gunicorn/app/wsgiapp.py", line 47, in load_wsgiapp
    return util.import_app(self.app_uri)
  File "/Users/chenjunliang/project/python/get_phone/.venv/lib/python3.9/site-packages/gunicorn/util.py", line 370, in import_app
    mod = importlib.import_module(module)
  File "/Library/Developer/CommandLineTools/Library/Frameworks/Python3.framework/Versions/3.9/lib/python3.9/importlib/__init__.py", line 127, in import_module
    return _bootstrap._gcd_import(name[level:], package, level)
  File "<frozen importlib._bootstrap>", line 1030, in _gcd_import
  File "<frozen importlib._bootstrap>", line 1007, in _find_and_load
  File "<frozen importlib._bootstrap>", line 986, in _find_and_load_unlocked
  File "<frozen importlib._bootstrap>", line 680, in _load_unlocked
  File "<frozen importlib._bootstrap_external>", line 850, in exec_module
  File "<frozen importlib._bootstrap>", line 228, in _call_with_frames_removed
  File "/Users/chenjunliang/project/python/get_phone/core/web_app.py", line 19, in <module>
    from .config import OUTPUT_DIR, DEFAULT_MAX_PAGES
ImportError: cannot import name 'OUTPUT_DIR' from 'core.config' (/Users/chenjunliang/project/python/get_phone/core/config.py)
[2025-08-21 09:34:21 +0800] [99528] [INFO] Worker exiting (pid: 99528)
[2025-08-21 09:34:21 +0800] [99522] [ERROR] Worker (pid:99524) exited with code 3
[2025-08-21 09:34:21 +0800] [99522] [ERROR] Worker (pid:99528) was sent SIGTERM!
[2025-08-21 09:34:21 +0800] [99531] [ERROR] Exception in worker process
Traceback (most recent call last):
  File "/Users/chenjunliang/project/python/get_phone/.venv/lib/python3.9/site-packages/gunicorn/arbiter.py", line 608, in spawn_worker
    worker.init_process()
  File "/Users/chenjunliang/project/python/get_phone/.venv/lib/python3.9/site-packages/gunicorn/workers/base.py", line 135, in init_process
    self.load_wsgi()
  File "/Users/chenjunliang/project/python/get_phone/.venv/lib/python3.9/site-packages/gunicorn/workers/base.py", line 147, in load_wsgi
    self.wsgi = self.app.wsgi()
  File "/Users/chenjunliang/project/python/get_phone/.venv/lib/python3.9/site-packages/gunicorn/app/base.py", line 66, in wsgi
    self.callable = self.load()
  File "/Users/chenjunliang/project/python/get_phone/.venv/lib/python3.9/site-packages/gunicorn/app/wsgiapp.py", line 57, in load
    return self.load_wsgiapp()
  File "/Users/chenjunliang/project/python/get_phone/.venv/lib/python3.9/site-packages/gunicorn/app/wsgiapp.py", line 47, in load_wsgiapp
    return util.import_app(self.app_uri)
  File "/Users/chenjunliang/project/python/get_phone/.venv/lib/python3.9/site-packages/gunicorn/util.py", line 370, in import_app
    mod = importlib.import_module(module)
  File "/Library/Developer/CommandLineTools/Library/Frameworks/Python3.framework/Versions/3.9/lib/python3.9/importlib/__init__.py", line 127, in import_module
    return _bootstrap._gcd_import(name[level:], package, level)
  File "<frozen importlib._bootstrap>", line 1030, in _gcd_import
  File "<frozen importlib._bootstrap>", line 1007, in _find_and_load
  File "<frozen importlib._bootstrap>", line 986, in _find_and_load_unlocked
  File "<frozen importlib._bootstrap>", line 680, in _load_unlocked
  File "<frozen importlib._bootstrap_external>", line 850, in exec_module
  File "<frozen importlib._bootstrap>", line 228, in _call_with_frames_removed
  File "/Users/chenjunliang/project/python/get_phone/core/web_app.py", line 19, in <module>
    from .config import OUTPUT_DIR, DEFAULT_MAX_PAGES
ImportError: cannot import name 'OUTPUT_DIR' from 'core.config' (/Users/chenjunliang/project/python/get_phone/core/config.py)
[2025-08-21 09:34:21 +0800] [99531] [INFO] Worker exiting (pid: 99531)
[2025-08-21 09:34:21 +0800] [99522] [ERROR] Worker (pid:99531) exited with code 3
[2025-08-21 09:34:21 +0800] [99532] [ERROR] Exception in worker process
Traceback (most recent call last):
  File "/Users/chenjunliang/project/python/get_phone/.venv/lib/python3.9/site-packages/gunicorn/arbiter.py", line 608, in spawn_worker
    worker.init_process()
  File "/Users/chenjunliang/project/python/get_phone/.venv/lib/python3.9/site-packages/gunicorn/workers/base.py", line 135, in init_process
    self.load_wsgi()
  File "/Users/chenjunliang/project/python/get_phone/.venv/lib/python3.9/site-packages/gunicorn/workers/base.py", line 147, in load_wsgi
    self.wsgi = self.app.wsgi()
  File "/Users/chenjunliang/project/python/get_phone/.venv/lib/python3.9/site-packages/gunicorn/app/base.py", line 66, in wsgi
    self.callable = self.load()
  File "/Users/chenjunliang/project/python/get_phone/.venv/lib/python3.9/site-packages/gunicorn/app/wsgiapp.py", line 57, in load
    return self.load_wsgiapp()
  File "/Users/chenjunliang/project/python/get_phone/.venv/lib/python3.9/site-packages/gunicorn/app/wsgiapp.py", line 47, in load_wsgiapp
    return util.import_app(self.app_uri)
  File "/Users/chenjunliang/project/python/get_phone/.venv/lib/python3.9/site-packages/gunicorn/util.py", line 370, in import_app
    mod = importlib.import_module(module)
  File "/Library/Developer/CommandLineTools/Library/Frameworks/Python3.framework/Versions/3.9/lib/python3.9/importlib/__init__.py", line 127, in import_module
    return _bootstrap._gcd_import(name[level:], package, level)
  File "<frozen importlib._bootstrap>", line 1030, in _gcd_import
  File "<frozen importlib._bootstrap>", line 1007, in _find_and_load
  File "<frozen importlib._bootstrap>", line 986, in _find_and_load_unlocked
  File "<frozen importlib._bootstrap>", line 680, in _load_unlocked
  File "<frozen importlib._bootstrap_external>", line 850, in exec_module
  File "<frozen importlib._bootstrap>", line 228, in _call_with_frames_removed
  File "/Users/chenjunliang/project/python/get_phone/core/web_app.py", line 19, in <module>
    from .config import OUTPUT_DIR, DEFAULT_MAX_PAGES
ImportError: cannot import name 'OUTPUT_DIR' from 'core.config' (/Users/chenjunliang/project/python/get_phone/core/config.py)
[2025-08-21 09:34:21 +0800] [99532] [INFO] Worker exiting (pid: 99532)
[2025-08-21 09:35:27 +0800] [4464] [INFO] Starting gunicorn 23.0.0
[2025-08-21 09:35:27 +0800] [4464] [INFO] Listening at: http://0.0.0.0:5000 (4464)
[2025-08-21 09:35:27 +0800] [4464] [INFO] Using worker: sync
[2025-08-21 09:35:27 +0800] [4469] [INFO] Booting worker with pid: 4469
[2025-08-21 09:35:27 +0800] [4471] [INFO] Booting worker with pid: 4471
[2025-08-21 09:35:27 +0800] [4473] [INFO] Booting worker with pid: 4473
[2025-08-21 09:35:28 +0800] [4475] [INFO] Booting worker with pid: 4475
[2025-08-21 09:36:40 +0800] [4464] [INFO] Handling signal: term
[2025-08-21 09:36:40 +0800] [4469] [INFO] Worker exiting (pid: 4469)
[2025-08-21 09:36:40 +0800] [4475] [INFO] Worker exiting (pid: 4475)
[2025-08-21 09:36:40 +0800] [4473] [INFO] Worker exiting (pid: 4473)
[2025-08-21 09:36:42 +0800] [8856] [INFO] Starting gunicorn 23.0.0
[2025-08-21 09:36:42 +0800] [8856] [ERROR] Connection in use: ('0.0.0.0', 5000)
[2025-08-21 09:36:42 +0800] [8856] [ERROR] connection to ('0.0.0.0', 5000) failed: [Errno 48] Address already in use
[2025-08-21 09:36:43 +0800] [8856] [ERROR] Connection in use: ('0.0.0.0', 5000)
[2025-08-21 09:36:43 +0800] [8856] [ERROR] connection to ('0.0.0.0', 5000) failed: [Errno 48] Address already in use
[2025-08-21 09:36:45 +0800] [8856] [ERROR] Connection in use: ('0.0.0.0', 5000)
[2025-08-21 09:36:45 +0800] [8856] [ERROR] connection to ('0.0.0.0', 5000) failed: [Errno 48] Address already in use
[2025-08-21 09:36:46 +0800] [8856] [ERROR] Connection in use: ('0.0.0.0', 5000)
[2025-08-21 09:36:46 +0800] [8856] [ERROR] connection to ('0.0.0.0', 5000) failed: [Errno 48] Address already in use
[2025-08-21 09:36:47 +0800] [8856] [ERROR] Connection in use: ('0.0.0.0', 5000)
[2025-08-21 09:36:47 +0800] [8856] [ERROR] connection to ('0.0.0.0', 5000) failed: [Errno 48] Address already in use
[2025-08-21 09:36:48 +0800] [8856] [ERROR] Can't connect to ('0.0.0.0', 5000)
[2025-08-21 09:37:10 +0800] [4464] [INFO] Shutting down: Master
[2025-08-21 09:37:30 +0800] [12683] [INFO] Starting gunicorn 23.0.0
[2025-08-21 09:37:30 +0800] [12683] [INFO] Listening at: http://0.0.0.0:5000 (12683)
[2025-08-21 09:37:30 +0800] [12683] [INFO] Using worker: sync
[2025-08-21 09:37:30 +0800] [12685] [INFO] Booting worker with pid: 12685
[2025-08-21 09:37:30 +0800] [12687] [INFO] Booting worker with pid: 12687
[2025-08-21 09:37:30 +0800] [12690] [INFO] Booting worker with pid: 12690
[2025-08-21 09:37:30 +0800] [12695] [INFO] Booting worker with pid: 12695
[2025-08-21 09:40:54 +0800] [12683] [INFO] Handling signal: term
[2025-08-21 09:40:54 +0800] [12690] [INFO] Worker exiting (pid: 12690)
[2025-08-21 09:40:54 +0800] [12687] [INFO] Worker exiting (pid: 12687)
[2025-08-21 09:40:54 +0800] [12685] [INFO] Worker exiting (pid: 12685)
[2025-08-21 09:40:54 +0800] [12695] [INFO] Worker exiting (pid: 12695)
[2025-08-21 09:40:54 +0800] [12683] [INFO] Shutting down: Master
[2025-08-21 09:40:56 +0800] [25637] [INFO] Starting gunicorn 23.0.0
[2025-08-21 09:40:56 +0800] [25637] [INFO] Listening at: http://0.0.0.0:5000 (25637)
[2025-08-21 09:40:56 +0800] [25637] [INFO] Using worker: sync
[2025-08-21 09:40:56 +0800] [25643] [INFO] Booting worker with pid: 25643
[2025-08-21 09:40:56 +0800] [25644] [INFO] Booting worker with pid: 25644
[2025-08-21 09:40:56 +0800] [25656] [INFO] Booting worker with pid: 25656
[2025-08-21 09:40:56 +0800] [25657] [INFO] Booting worker with pid: 25657
[2025-08-21 09:40:59 +0800] [25637] [INFO] Handling signal: winch
[2025-08-21 09:42:29 +0800] [25637] [INFO] Handling signal: term
[2025-08-21 09:42:29 +0800] [25657] [INFO] Worker exiting (pid: 25657)
[2025-08-21 09:42:29 +0800] [25644] [INFO] Worker exiting (pid: 25644)
[2025-08-21 09:42:29 +0800] [25643] [INFO] Worker exiting (pid: 25643)
[2025-08-21 09:42:31 +0800] [30067] [INFO] Starting gunicorn 23.0.0
[2025-08-21 09:42:31 +0800] [30067] [ERROR] Connection in use: ('0.0.0.0', 5000)
[2025-08-21 09:42:31 +0800] [30067] [ERROR] connection to ('0.0.0.0', 5000) failed: [Errno 48] Address already in use
[2025-08-21 09:42:32 +0800] [30067] [ERROR] Connection in use: ('0.0.0.0', 5000)
[2025-08-21 09:42:32 +0800] [30067] [ERROR] connection to ('0.0.0.0', 5000) failed: [Errno 48] Address already in use
[2025-08-21 09:42:33 +0800] [30067] [ERROR] Connection in use: ('0.0.0.0', 5000)
[2025-08-21 09:42:33 +0800] [30067] [ERROR] connection to ('0.0.0.0', 5000) failed: [Errno 48] Address already in use
[2025-08-21 09:42:34 +0800] [30067] [ERROR] Connection in use: ('0.0.0.0', 5000)
[2025-08-21 09:42:34 +0800] [30067] [ERROR] connection to ('0.0.0.0', 5000) failed: [Errno 48] Address already in use
[2025-08-21 09:42:35 +0800] [30067] [ERROR] Connection in use: ('0.0.0.0', 5000)
[2025-08-21 09:42:35 +0800] [30067] [ERROR] connection to ('0.0.0.0', 5000) failed: [Errno 48] Address already in use
[2025-08-21 09:42:36 +0800] [30067] [ERROR] Can't connect to ('0.0.0.0', 5000)
[2025-08-21 09:42:59 +0800] [25637] [INFO] Shutting down: Master
[2025-08-21 09:45:20 +0800] [38917] [INFO] Starting gunicorn 23.0.0
[2025-08-21 09:45:20 +0800] [38917] [INFO] Listening at: http://0.0.0.0:5000 (38917)
[2025-08-21 09:45:20 +0800] [38917] [INFO] Using worker: sync
[2025-08-21 09:45:20 +0800] [38919] [INFO] Booting worker with pid: 38919
[2025-08-21 09:45:20 +0800] [38920] [INFO] Booting worker with pid: 38920
[2025-08-21 09:45:20 +0800] [38927] [INFO] Booting worker with pid: 38927
[2025-08-21 09:45:20 +0800] [38928] [INFO] Booting worker with pid: 38928
[2025-08-21 09:45:23 +0800] [38917] [INFO] Handling signal: winch
[2025-08-21 10:03:24 +0800] [38917] [INFO] Handling signal: term
[2025-08-21 10:03:24 +0800] [38919] [INFO] Worker exiting (pid: 38919)
[2025-08-21 10:03:24 +0800] [38927] [INFO] Worker exiting (pid: 38927)
[2025-08-21 10:03:24 +0800] [38920] [INFO] Worker exiting (pid: 38920)
[2025-08-21 10:03:24 +0800] [38928] [INFO] Worker exiting (pid: 38928)
[2025-08-21 10:03:25 +0800] [38917] [INFO] Shutting down: Master
[2025-08-21 10:03:27 +0800] [91837] [INFO] Starting gunicorn 23.0.0
[2025-08-21 10:03:27 +0800] [91837] [INFO] Listening at: http://0.0.0.0:5000 (91837)
[2025-08-21 10:03:27 +0800] [91837] [INFO] Using worker: sync
[2025-08-21 10:03:27 +0800] [91839] [INFO] Booting worker with pid: 91839
[2025-08-21 10:03:27 +0800] [91840] [INFO] Booting worker with pid: 91840
[2025-08-21 10:03:27 +0800] [91843] [INFO] Booting worker with pid: 91843
[2025-08-21 10:03:27 +0800] [91846] [INFO] Booting worker with pid: 91846
[2025-08-21 10:06:05 +0800] [91837] [INFO] Handling signal: term
[2025-08-21 10:06:05 +0800] [91843] [INFO] Worker exiting (pid: 91843)
[2025-08-21 10:06:05 +0800] [91840] [INFO] Worker exiting (pid: 91840)
[2025-08-21 10:06:05 +0800] [91839] [INFO] Worker exiting (pid: 91839)
[2025-08-21 10:06:07 +0800] [1450] [INFO] Starting gunicorn 23.0.0
[2025-08-21 10:06:07 +0800] [1450] [ERROR] Connection in use: ('0.0.0.0', 5000)
[2025-08-21 10:06:07 +0800] [1450] [ERROR] connection to ('0.0.0.0', 5000) failed: [Errno 48] Address already in use
[2025-08-21 10:06:08 +0800] [1450] [ERROR] Connection in use: ('0.0.0.0', 5000)
[2025-08-21 10:06:08 +0800] [1450] [ERROR] connection to ('0.0.0.0', 5000) failed: [Errno 48] Address already in use
[2025-08-21 10:06:09 +0800] [1450] [ERROR] Connection in use: ('0.0.0.0', 5000)
[2025-08-21 10:06:09 +0800] [1450] [ERROR] connection to ('0.0.0.0', 5000) failed: [Errno 48] Address already in use
[2025-08-21 10:06:10 +0800] [1450] [ERROR] Connection in use: ('0.0.0.0', 5000)
[2025-08-21 10:06:10 +0800] [1450] [ERROR] connection to ('0.0.0.0', 5000) failed: [Errno 48] Address already in use
[2025-08-21 10:06:11 +0800] [1450] [ERROR] Connection in use: ('0.0.0.0', 5000)
[2025-08-21 10:06:11 +0800] [1450] [ERROR] connection to ('0.0.0.0', 5000) failed: [Errno 48] Address already in use
[2025-08-21 10:06:12 +0800] [1450] [ERROR] Can't connect to ('0.0.0.0', 5000)
[2025-08-21 10:06:35 +0800] [91837] [INFO] Shutting down: Master
[2025-08-21 10:08:32 +0800] [9636] [INFO] Starting gunicorn 23.0.0
[2025-08-21 10:08:32 +0800] [9636] [INFO] Listening at: http://0.0.0.0:5000 (9636)
[2025-08-21 10:08:32 +0800] [9636] [INFO] Using worker: sync
[2025-08-21 10:08:32 +0800] [9638] [INFO] Booting worker with pid: 9638
[2025-08-21 10:08:32 +0800] [9639] [INFO] Booting worker with pid: 9639
[2025-08-21 10:08:32 +0800] [9641] [INFO] Booting worker with pid: 9641
[2025-08-21 10:08:32 +0800] [9646] [INFO] Booting worker with pid: 9646
[2025-08-21 10:12:51 +0800] [9636] [INFO] Handling signal: term
[2025-08-21 10:12:51 +0800] [9646] [INFO] Worker exiting (pid: 9646)
[2025-08-21 10:12:51 +0800] [9641] [INFO] Worker exiting (pid: 9641)
[2025-08-21 10:12:51 +0800] [9639] [INFO] Worker exiting (pid: 9639)
[2025-08-21 10:12:54 +0800] [9638] [INFO] Worker exiting (pid: 9638)
[2025-08-21 10:12:54 +0800] [24310] [INFO] Starting gunicorn 23.0.0
[2025-08-21 10:12:54 +0800] [24310] [INFO] Listening at: http://0.0.0.0:5000 (24310)
[2025-08-21 10:12:54 +0800] [24310] [INFO] Using worker: sync
[2025-08-21 10:12:54 +0800] [24344] [INFO] Booting worker with pid: 24344
[2025-08-21 10:12:54 +0800] [24368] [INFO] Booting worker with pid: 24368
[2025-08-21 10:12:54 +0800] [9636] [INFO] Shutting down: Master
[2025-08-21 10:12:54 +0800] [24383] [INFO] Booting worker with pid: 24383
[2025-08-21 10:12:54 +0800] [24401] [INFO] Booting worker with pid: 24401
[2025-08-21 10:15:06 +0800] [24310] [INFO] Handling signal: term
[2025-08-21 10:15:06 +0800] [24401] [INFO] Worker exiting (pid: 24401)
[2025-08-21 10:15:06 +0800] [24368] [INFO] Worker exiting (pid: 24368)
[2025-08-21 10:15:06 +0800] [24383] [INFO] Worker exiting (pid: 24383)
[2025-08-21 10:15:06 +0800] [24344] [INFO] Worker exiting (pid: 24344)
[2025-08-21 10:15:06 +0800] [24310] [INFO] Shutting down: Master
[2025-08-21 10:15:08 +0800] [32585] [INFO] Starting gunicorn 23.0.0
[2025-08-21 10:15:08 +0800] [32585] [INFO] Listening at: http://0.0.0.0:5000 (32585)
[2025-08-21 10:15:08 +0800] [32585] [INFO] Using worker: sync
[2025-08-21 10:15:08 +0800] [32587] [INFO] Booting worker with pid: 32587
[2025-08-21 10:15:08 +0800] [32592] [INFO] Booting worker with pid: 32592
[2025-08-21 10:15:08 +0800] [32595] [INFO] Booting worker with pid: 32595
[2025-08-21 10:15:08 +0800] [32596] [INFO] Booting worker with pid: 32596
